
> jira-killer@0.1.0 typecheck
> tsc --noEmit

src/infra/adapters/prisma/feature.repository.ts(275,13): error TS1005: ',' expected.
src/infra/adapters/prisma/feature.repository.ts(282,7): error TS1005: ',' expected.
src/infra/adapters/prisma/feature.repository.ts(282,8): error TS1068: Unexpected token. A constructor, method, accessor, or property was expected.
src/infra/adapters/prisma/feature.repository.ts(283,2): error TS1128: Declaration or statement expected.
src/infra/adapters/prisma/feature.repository.ts(284,3): error TS1128: Declaration or statement expected.
src/infra/adapters/prisma/feature.repository.ts(285,1): error TS1128: Declaration or statement expected.
