
> jira-killer@0.1.0 typecheck
> tsc --noEmit

scripts/create-frontend-tasks.ts(2,30): error TS2307: Cannot find module '../src/infra/agent/agent.service' or its corresponding type declarations.
scripts/create-persistence-task.ts(2,30): error TS2307: Cannot find module '../src/infra/agent/agent.service' or its corresponding type declarations.
src/app/api/ai/generate-feature-summary/route.ts(114,62): error TS2552: Cannot find name 'feature'. Did you mean 'featureId'?
src/app/api/ai/generate-feature-summary/route.ts(118,24): error TS2552: Cannot find name 'feature'. Did you mean 'featureId'?
src/app/api/ai/generate-feature-summary/route.ts(124,40): error TS2552: Cannot find name 'feature'. Did you mean 'featureId'?
src/app/api/ai/generate-feature-summary/route.ts(127,22): error TS2552: Cannot find name 'feature'. Did you mean 'featureId'?
src/domain/use-cases/epics/get-epic-by-id.spec.ts(23,11): error TS2739: Type '{ id: string; orgId: string; projectId: string; title: string; status: "OPEN"; createdAt: Date; updatedAt: Date; }' is missing the following properties from type 'Epic': description, risk, riskUpdatedAt, riskReason
src/domain/use-cases/epics/get-epics.spec.ts(23,7): error TS2739: Type '{ id: string; orgId: string; projectId: string; title: string; status: "OPEN"; createdAt: Date; updatedAt: Date; }' is missing the following properties from type 'Epic': description, risk, riskUpdatedAt, riskReason
src/domain/use-cases/epics/get-epics.spec.ts(34,61): error TS2345: Argument of type 'Epic[]' is not assignable to parameter of type '(Epic & { _count: { features: number; }; })[]'.
  Type 'Epic' is not assignable to type 'Epic & { _count: { features: number; }; }'.
    Property '_count' is missing in type 'Epic' but required in type '{ _count: { features: number; }; }'.
src/domain/use-cases/epics/update-epic.spec.ts(28,11): error TS2739: Type '{ id: string; orgId: string; projectId: string; title: string; status: "OPEN"; createdAt: Date; updatedAt: Date; }' is missing the following properties from type 'Epic': description, risk, riskUpdatedAt, riskReason
src/domain/use-cases/epics/update-epic.spec.ts(38,11): error TS2322: Type '{ updatedAt: Date; title: string; status: "IN_PROGRESS"; id: string; orgId: string; projectId: string; description: string | null; createdAt: Date; risk: EpicRisk; riskUpdatedAt: Date; riskReason: string | null; }' is not assignable to type 'Epic'.
  Types of property 'status' are incompatible.
    Type '"IN_PROGRESS"' is not assignable to type 'EpicStatus'.
src/domain/use-cases/epics/update-epic.spec.ts(47,48): error TS2345: Argument of type '{ title: string; status: "IN_PROGRESS"; }' is not assignable to parameter of type 'UpdateEpicInput'.
  Types of property 'status' are incompatible.
    Type '"IN_PROGRESS"' is not assignable to type 'EpicStatus | undefined'.
src/domain/use-cases/features/create-feature.spec.ts(33,7): error TS2322: Type '"OPEN"' is not assignable to type 'FeatureStatus'.
src/domain/use-cases/features/get-features.spec.ts(28,9): error TS2322: Type '"OPEN"' is not assignable to type 'FeatureStatus'.
src/domain/use-cases/features/get-features.spec.ts(35,61): error TS2345: Argument of type '(Feature & { _count: { tasks: number; }; })[]' is not assignable to parameter of type '(Feature & { _count: { tasks: number; }; tasks: { status: string; type: string; }[]; })[]'.
  Type 'Feature & { _count: { tasks: number; }; }' is not assignable to type 'Feature & { _count: { tasks: number; }; tasks: { status: string; type: string; }[]; }'.
    Property 'tasks' is missing in type 'Feature & { _count: { tasks: number; }; }' but required in type '{ _count: { tasks: number; }; tasks: { status: string; type: string; }[]; }'.
src/domain/use-cases/projects/create-project.spec.ts(42,47): error TS2345: Argument of type '{ projectRepository: ProjectRepository; }' is not assignable to parameter of type 'CreateProjectDeps'.
  Type '{ projectRepository: ProjectRepository; }' is missing the following properties from type 'CreateProjectDeps': epicRepository, featureRepository
src/domain/use-cases/projects/create-project.spec.ts(55,39): error TS2345: Argument of type '{ projectRepository: ProjectRepository; }' is not assignable to parameter of type 'CreateProjectDeps'.
  Type '{ projectRepository: ProjectRepository; }' is missing the following properties from type 'CreateProjectDeps': epicRepository, featureRepository
src/domain/use-cases/projects/create-project.spec.ts(58,39): error TS2345: Argument of type '{ projectRepository: ProjectRepository; }' is not assignable to parameter of type 'CreateProjectDeps'.
  Type '{ projectRepository: ProjectRepository; }' is missing the following properties from type 'CreateProjectDeps': epicRepository, featureRepository
src/domain/use-cases/projects/create-project.spec.ts(70,39): error TS2345: Argument of type '{ projectRepository: ProjectRepository; }' is not assignable to parameter of type 'CreateProjectDeps'.
  Type '{ projectRepository: ProjectRepository; }' is missing the following properties from type 'CreateProjectDeps': epicRepository, featureRepository
src/domain/use-cases/projects/create-project.spec.ts(73,39): error TS2345: Argument of type '{ projectRepository: ProjectRepository; }' is not assignable to parameter of type 'CreateProjectDeps'.
  Type '{ projectRepository: ProjectRepository; }' is missing the following properties from type 'CreateProjectDeps': epicRepository, featureRepository
src/domain/use-cases/projects/get-project-by-id.spec.ts(23,11): error TS2739: Type '{ id: string; orgId: string; name: string; key: string; createdAt: Date; updatedAt: Date; }' is missing the following properties from type 'Project': description, modules
src/domain/use-cases/projects/get-projects.spec.ts(22,7): error TS2739: Type '{ id: string; orgId: string; name: string; key: string; createdAt: Date; updatedAt: Date; }' is missing the following properties from type 'Project': description, modules
src/domain/use-cases/projects/get-projects.spec.ts(30,7): error TS2739: Type '{ id: string; orgId: string; name: string; key: string; createdAt: Date; updatedAt: Date; }' is missing the following properties from type 'Project': description, modules
src/domain/use-cases/projects/get-projects.spec.ts(40,52): error TS2345: Argument of type 'Project[]' is not assignable to parameter of type '(Project & { _count: { epics: number; tasks: number; }; })[]'.
  Type 'Project' is not assignable to type 'Project & { _count: { epics: number; tasks: number; }; }'.
    Property '_count' is missing in type 'Project' but required in type '{ _count: { epics: number; tasks: number; }; }'.
src/domain/use-cases/projects/update-project.spec.ts(28,11): error TS2739: Type '{ id: string; orgId: string; name: string; key: string; createdAt: Date; updatedAt: Date; }' is missing the following properties from type 'Project': description, modules
src/domain/use-cases/projects/update-project.spec.ts(70,11): error TS2739: Type '{ id: string; orgId: string; name: string; key: string; createdAt: Date; updatedAt: Date; }' is missing the following properties from type 'Project': description, modules
src/domain/use-cases/tasks/create-task.spec.ts(41,7): error TS2322: Type '"STORY"' is not assignable to type 'TaskType'.
src/domain/use-cases/tasks/create-task.spec.ts(50,37): error TS2345: Argument of type '{ orgId: string; featureId: string; title: string; description: string; type: "STORY"; priority: "MEDIUM"; points: 3; }' is not assignable to parameter of type 'CreateTaskInput'.
  Property 'projectId' is missing in type '{ orgId: string; featureId: string; title: string; description: string; type: "STORY"; priority: "MEDIUM"; points: 3; }' but required in type 'CreateTaskInput'.
src/domain/use-cases/tasks/get-tasks-by-feature.spec.ts(34,9): error TS2322: Type '"STORY"' is not assignable to type 'TaskType'.
src/domain/use-cases/tasks/search-tasks.spec.ts(35,9): error TS2322: Type '"STORY"' is not assignable to type 'TaskType'.
src/domain/use-cases/tasks/search-tasks.spec.ts(64,7): error TS2740: Type '{ id: string; orgId: string; featureId: string; projectId: string; localId: number; readableId: string; title: string; status: "TODO"; type: "TASK"; priority: "MEDIUM"; createdAt: Date; updatedAt: Date; blocked: false; }' is missing the following properties from type 'TaskWithReadableId': feature, description, points, modules, and 2 more.
src/domain/use-cases/tasks/update-task-status.spec.ts(35,7): error TS2322: Type '"STORY"' is not assignable to type 'TaskType'.
src/domain/use-cases/tasks/update-task-status.spec.ts(43,7): error TS2322: Type '"IN_PROGRESS"' is not assignable to type 'TaskStatus'.
src/domain/use-cases/tasks/update-task-status.spec.ts(50,26): error TS2554: Expected 5 arguments, but got 4.
src/domain/use-cases/tasks/update-task-status.spec.ts(63,18): error TS2554: Expected 5 arguments, but got 4.
src/domain/use-cases/tasks/update-task.spec.ts(38,7): error TS2322: Type '"STORY"' is not assignable to type 'TaskType'.
src/lib/query/hooks/use-dashboard.spec.ts(115,40): error TS2345: Argument of type 'boolean' is not assignable to parameter of type 'string'.
src/lib/query/hooks/use-dashboard.spec.ts(116,40): error TS2345: Argument of type 'boolean' is not assignable to parameter of type 'string'.
src/lib/query/hooks/use-dashboard.spec.ts(117,32): error TS2554: Expected 1 arguments, but got 0.
src/lib/query/hooks/use-dashboard.spec.ts(118,41): error TS2345: Argument of type 'number' is not assignable to parameter of type 'string'.
src/lib/query/hooks/use-epics.spec.tsx(2,37): error TS2307: Cannot find module '@testing-library/react' or its corresponding type declarations.
src/lib/query/hooks/use-epics.spec.tsx(21,59): error TS2503: Cannot find namespace 'JSX'.
src/lib/query/hooks/use-epics.spec.tsx(75,35): error TS2554: Expected 2 arguments, but got 1.
src/lib/query/hooks/use-epics.spec.tsx(107,35): error TS2554: Expected 1 arguments, but got 0.
src/lib/query/hooks/use-epics.spec.tsx(139,38): error TS2554: Expected 2 arguments, but got 1.
src/lib/query/hooks/use-epics.spec.tsx(172,35): error TS2554: Expected 2 arguments, but got 1.
src/lib/query/hooks/use-epics.spec.tsx(203,35): error TS2554: Expected 1 arguments, but got 0.
src/lib/query/hooks/use-epics.spec.tsx(206,35): error TS2554: Expected 1 arguments, but got 0.
src/lib/query/hooks/use-epics.spec.tsx(269,38): error TS2554: Expected 2 arguments, but got 1.
src/lib/query/hooks/use-epics.spec.tsx(313,35): error TS2554: Expected 2 arguments, but got 1.
src/lib/query/hooks/use-features.spec.tsx(2,37): error TS2307: Cannot find module '@testing-library/react' or its corresponding type declarations.
src/lib/query/hooks/use-features.spec.tsx(21,59): error TS2503: Cannot find namespace 'JSX'.
src/lib/query/hooks/use-features.spec.tsx(102,38): error TS2554: Expected 1-2 arguments, but got 0.
src/lib/query/hooks/use-features.spec.tsx(133,35): error TS2554: Expected 2 arguments, but got 1.
src/lib/query/hooks/use-features.spec.tsx(166,38): error TS2554: Expected 2 arguments, but got 1.
src/lib/query/hooks/use-features.spec.tsx(197,38): error TS2554: Expected 1 arguments, but got 0.
src/lib/query/hooks/use-features.spec.tsx(229,35): error TS2554: Expected 2 arguments, but got 1.
src/lib/query/hooks/use-features.spec.tsx(260,35): error TS2554: Expected 1 arguments, but got 0.
src/lib/query/hooks/use-features.spec.tsx(304,38): error TS2554: Expected 2 arguments, but got 1.
src/lib/query/hooks/use-features.spec.tsx(307,40): error TS2345: Argument of type '{ featureId: string; }' is not assignable to parameter of type 'string'.
